<?xml version="1.0" encoding="UTF-8"?>
<testsuite name="com.example.monitoring.rest.RestApplicationTests" tests="1" skipped="0" failures="0" errors="0" timestamp="2022-02-25T18:51:52" hostname="ubuntu" time="0.353">
  <properties/>
  <testcase name="contextLoads()" classname="com.example.monitoring.rest.RestApplicationTests" time="0.353"/>
  <system-out><![CDATA[10:51:48.718 [Test worker] DEBUG org.springframework.test.context.BootstrapUtils - Instantiating CacheAwareContextLoaderDelegate from class [org.springframework.test.context.cache.DefaultCacheAwareContextLoaderDelegate]
10:51:48.730 [Test worker] DEBUG org.springframework.test.context.BootstrapUtils - Instantiating BootstrapContext using constructor [public org.springframework.test.context.support.DefaultBootstrapContext(java.lang.Class,org.springframework.test.context.CacheAwareContextLoaderDelegate)]
10:51:48.772 [Test worker] DEBUG org.springframework.test.context.BootstrapUtils - Instantiating TestContextBootstrapper for test class [com.example.monitoring.rest.RestApplicationTests] from class [org.springframework.boot.test.context.SpringBootTestContextBootstrapper]
10:51:48.784 [Test worker] INFO org.springframework.boot.test.context.SpringBootTestContextBootstrapper - Neither @ContextConfiguration nor @ContextHierarchy found for test class [com.example.monitoring.rest.RestApplicationTests], using SpringBootContextLoader
10:51:48.790 [Test worker] DEBUG org.springframework.test.context.support.AbstractContextLoader - Did not detect default resource location for test class [com.example.monitoring.rest.RestApplicationTests]: class path resource [com/example/monitoring/rest/RestApplicationTests-context.xml] does not exist
10:51:48.791 [Test worker] DEBUG org.springframework.test.context.support.AbstractContextLoader - Did not detect default resource location for test class [com.example.monitoring.rest.RestApplicationTests]: class path resource [com/example/monitoring/rest/RestApplicationTestsContext.groovy] does not exist
10:51:48.791 [Test worker] INFO org.springframework.test.context.support.AbstractContextLoader - Could not detect default resource locations for test class [com.example.monitoring.rest.RestApplicationTests]: no resource found for suffixes {-context.xml, Context.groovy}.
10:51:48.792 [Test worker] INFO org.springframework.test.context.support.AnnotationConfigContextLoaderUtils - Could not detect default configuration classes for test class [com.example.monitoring.rest.RestApplicationTests]: RestApplicationTests does not declare any static, non-private, non-final, nested classes annotated with @Configuration.
10:51:48.841 [Test worker] DEBUG org.springframework.test.context.support.ActiveProfilesUtils - Could not find an 'annotation declaring class' for annotation type [org.springframework.test.context.ActiveProfiles] and class [com.example.monitoring.rest.RestApplicationTests]
10:51:48.912 [Test worker] DEBUG org.springframework.context.annotation.ClassPathScanningCandidateComponentProvider - Identified candidate component class: file [/local/repos/MonitoringInfra/MonitoringService/build/classes/java/main/com/example/monitoring/rest/RestApplication.class]
10:51:48.913 [Test worker] INFO org.springframework.boot.test.context.SpringBootTestContextBootstrapper - Found @SpringBootConfiguration com.example.monitoring.rest.RestApplication for test class com.example.monitoring.rest.RestApplicationTests
10:51:49.053 [Test worker] DEBUG org.springframework.boot.test.context.SpringBootTestContextBootstrapper - @TestExecutionListeners is not present for class [com.example.monitoring.rest.RestApplicationTests]: using defaults.
10:51:49.054 [Test worker] INFO org.springframework.boot.test.context.SpringBootTestContextBootstrapper - Loaded default TestExecutionListener class names from location [META-INF/spring.factories]: [org.springframework.boot.test.autoconfigure.restdocs.RestDocsTestExecutionListener, org.springframework.boot.test.autoconfigure.web.client.MockRestServiceServerResetTestExecutionListener, org.springframework.boot.test.autoconfigure.web.servlet.MockMvcPrintOnlyOnFailureTestExecutionListener, org.springframework.boot.test.autoconfigure.web.servlet.WebDriverTestExecutionListener, org.springframework.boot.test.autoconfigure.webservices.client.MockWebServiceServerTestExecutionListener, org.springframework.boot.test.mock.mockito.MockitoTestExecutionListener, org.springframework.boot.test.mock.mockito.ResetMocksTestExecutionListener, org.springframework.test.context.web.ServletTestExecutionListener, org.springframework.test.context.support.DirtiesContextBeforeModesTestExecutionListener, org.springframework.test.context.event.ApplicationEventsTestExecutionListener, org.springframework.test.context.support.DependencyInjectionTestExecutionListener, org.springframework.test.context.support.DirtiesContextTestExecutionListener, org.springframework.test.context.transaction.TransactionalTestExecutionListener, org.springframework.test.context.jdbc.SqlScriptsTestExecutionListener, org.springframework.test.context.event.EventPublishingTestExecutionListener]
10:51:49.076 [Test worker] INFO org.springframework.boot.test.context.SpringBootTestContextBootstrapper - Using TestExecutionListeners: [org.springframework.test.context.web.ServletTestExecutionListener@7603fa1a, org.springframework.test.context.support.DirtiesContextBeforeModesTestExecutionListener@55558a35, org.springframework.test.context.event.ApplicationEventsTestExecutionListener@30b4c7b3, org.springframework.boot.test.mock.mockito.MockitoTestExecutionListener@74a5d486, org.springframework.boot.test.autoconfigure.SpringBootDependencyInjectionTestExecutionListener@1d1f3322, org.springframework.test.context.support.DirtiesContextTestExecutionListener@64e20696, org.springframework.test.context.transaction.TransactionalTestExecutionListener@72fddce6, org.springframework.test.context.jdbc.SqlScriptsTestExecutionListener@282627db, org.springframework.test.context.event.EventPublishingTestExecutionListener@4cc487de, org.springframework.boot.test.autoconfigure.restdocs.RestDocsTestExecutionListener@3866ee66, org.springframework.boot.test.autoconfigure.web.client.MockRestServiceServerResetTestExecutionListener@24601f60, org.springframework.boot.test.autoconfigure.web.servlet.MockMvcPrintOnlyOnFailureTestExecutionListener@3d61fcc8, org.springframework.boot.test.autoconfigure.web.servlet.WebDriverTestExecutionListener@55f376cd, org.springframework.boot.test.autoconfigure.webservices.client.MockWebServiceServerTestExecutionListener@5ae9b7cb, org.springframework.boot.test.mock.mockito.ResetMocksTestExecutionListener@7e5638e9]
10:51:49.080 [Test worker] DEBUG org.springframework.test.context.support.AbstractDirtiesContextTestExecutionListener - Before test class: context [DefaultTestContext@3a22efd6 testClass = RestApplicationTests, testInstance = [null], testMethod = [null], testException = [null], mergedContextConfiguration = [WebMergedContextConfiguration@2a1982b5 testClass = RestApplicationTests, locations = '{}', classes = '{class com.example.monitoring.rest.RestApplication}', contextInitializerClasses = '[]', activeProfiles = '{}', propertySourceLocations = '{}', propertySourceProperties = '{org.springframework.boot.test.context.SpringBootTestContextBootstrapper=true}', contextCustomizers = set[org.springframework.boot.test.autoconfigure.actuate.metrics.MetricsExportContextCustomizerFactory$DisableMetricExportContextCustomizer@76281584, org.springframework.boot.test.autoconfigure.properties.PropertyMappingContextCustomizer@0, org.springframework.boot.test.autoconfigure.web.servlet.WebDriverContextCustomizerFactory$Customizer@2b348342, org.springframework.boot.test.context.filter.ExcludeFilterContextCustomizer@4e8949dc, org.springframework.boot.test.json.DuplicateJsonObjectContextCustomizerFactory$DuplicateJsonObjectContextCustomizer@18e46461, org.springframework.boot.test.mock.mockito.MockitoContextCustomizer@0, org.springframework.boot.test.web.client.TestRestTemplateContextCustomizer@7a0f49a2, org.springframework.boot.test.context.SpringBootTestArgs@1, org.springframework.boot.test.context.SpringBootTestWebEnvironment@59fdd11f], resourceBasePath = 'src/main/webapp', contextLoader = 'org.springframework.boot.test.context.SpringBootContextLoader', parent = [null]], attributes = map['org.springframework.test.context.web.ServletTestExecutionListener.activateListener' -> true]], class annotated with @DirtiesContext [false] with mode [null].

  .   ____          _            __ _ _
 /\\ / ___'_ __ _ _(_)_ __  __ _ \ \ \ \
( ( )\___ | '_ | '_| | '_ \/ _` | \ \ \ \
 \\/  ___)| |_)| | | | | || (_| |  ) ) ) )
  '  |____| .__|_| |_|_| |_\__, | / / / /
 =========|_|==============|___/=/_/_/_/
 :: Spring Boot ::                (v2.6.4)

2022-02-25 10:51:49.498  INFO 24886 --- [    Test worker] c.e.m.rest.RestApplicationTests          : Starting RestApplicationTests using Java 11.0.13 on ubuntu with PID 24886 (started by barakg in /local/repos/MonitoringInfra/MonitoringService)
2022-02-25 10:51:49.500  INFO 24886 --- [    Test worker] c.e.m.rest.RestApplicationTests          : No active profile set, falling back to 1 default profile: "default"
2022-02-25 10:51:50.309  INFO 24886 --- [    Test worker] .s.d.r.c.RepositoryConfigurationDelegate : Bootstrapping Spring Data Elasticsearch repositories in DEFAULT mode.
2022-02-25 10:51:50.322  INFO 24886 --- [    Test worker] .s.d.r.c.RepositoryConfigurationDelegate : Finished Spring Data repository scanning in 7 ms. Found 0 Elasticsearch repository interfaces.
2022-02-25 10:51:50.329  INFO 24886 --- [    Test worker] .s.d.r.c.RepositoryConfigurationDelegate : Bootstrapping Spring Data Reactive Elasticsearch repositories in DEFAULT mode.
2022-02-25 10:51:50.332  INFO 24886 --- [    Test worker] .s.d.r.c.RepositoryConfigurationDelegate : Finished Spring Data repository scanning in 2 ms. Found 0 Reactive Elasticsearch repository interfaces.
2022-02-25 10:51:52.810  INFO 24886 --- [    Test worker] c.e.m.rest.RestApplicationTests          : Started RestApplicationTests in 3.68 seconds (JVM running for 5.163)
]]></system-out>
  <system-err><![CDATA[]]></system-err>
</testsuite>
